2010-05-05 09:55:41,672 DEBUG [main] de.gaalop.gui.Main: Configuration loaded: {de.gaalop.maple.Plugin.mapleBinaryPath=C:\Program Files (x86)\Maple 13\bin.win\, de.gaalop.maple.Plugin.mapleJavaPath=C:\Program Files (x86)\Maple 13\java\}
2010-05-05 09:55:41,672 DEBUG [main] de.gaalop.Plugins: Loading services of type interface de.gaalop.CodeParserPlugin
2010-05-05 09:55:41,688 DEBUG [main] de.gaalop.Plugins: Loaded service: class de.gaalop.clucalc.input.Plugin
2010-05-05 09:55:41,688 DEBUG [main] de.gaalop.Plugins: Loading services of type interface de.gaalop.CodeGeneratorPlugin
2010-05-05 09:55:41,688 DEBUG [main] de.gaalop.Plugins: Loaded service: class de.gaalop.clucalc.output.Plugin
2010-05-05 09:55:41,688 DEBUG [main] de.gaalop.Plugins: Loaded service: class de.gaalop.cpp.Plugin
2010-05-05 09:55:41,688 DEBUG [main] de.gaalop.Plugins: Loaded service: class de.gaalop.dot.Plugin
2010-05-05 09:55:41,703 DEBUG [main] de.gaalop.Plugins: Loaded service: class de.gaalop.latex.Plugin
2010-05-05 09:55:41,703 DEBUG [main] de.gaalop.Plugins: Loading services of type interface de.gaalop.OptimizationStrategyPlugin
2010-05-05 09:55:41,703 INFO  [main] de.gaalop.maple.Plugin: Maple Path from Windows Registry: binary="C:\Program Files (x86)\Maple 13\bin.win\", java="C:\Program Files (x86)\Maple 13\java\"
2010-05-05 09:55:41,703 DEBUG [main] de.gaalop.Plugins: Loaded service: class de.gaalop.maple.Plugin
2010-05-05 09:55:41,703 DEBUG [main] de.gaalop.gui.util.PluginConfigurator: Configuring class de.gaalop.maple.Plugin
2010-05-05 09:55:41,703 DEBUG [main] de.gaalop.gui.util.PluginConfigurator: Configuration for de.gaalop.maple.Plugin.mapleBinaryPath = C:\Program Files (x86)\Maple 13\bin.win\
2010-05-05 09:55:41,719 DEBUG [main] org.apache.commons.beanutils.converters.BooleanConverter: Setting default value: false
2010-05-05 09:55:41,719 DEBUG [main] org.apache.commons.beanutils.converters.BooleanConverter: Converting 'Boolean' value 'false' to type 'Boolean'
2010-05-05 09:55:41,719 DEBUG [main] org.apache.commons.beanutils.converters.BooleanConverter:     No conversion required, value is already a Boolean
2010-05-05 09:55:41,735 DEBUG [main] org.apache.commons.beanutils.converters.ByteConverter: Setting default value: 0
2010-05-05 09:55:41,735 DEBUG [main] org.apache.commons.beanutils.converters.ByteConverter: Converting 'Integer' value '0' to type 'Byte'
2010-05-05 09:55:41,735 DEBUG [main] org.apache.commons.beanutils.converters.ByteConverter:     Converted to Byte value '0'
2010-05-05 09:55:41,735 DEBUG [main] org.apache.commons.beanutils.converters.CharacterConverter: Setting default value:  
2010-05-05 09:55:41,735 DEBUG [main] org.apache.commons.beanutils.converters.CharacterConverter: Converting 'Character' value ' ' to type 'Character'
2010-05-05 09:55:41,735 DEBUG [main] org.apache.commons.beanutils.converters.CharacterConverter:     No conversion required, value is already a Character
2010-05-05 09:55:41,735 DEBUG [main] org.apache.commons.beanutils.converters.DoubleConverter: Setting default value: 0
2010-05-05 09:55:41,735 DEBUG [main] org.apache.commons.beanutils.converters.DoubleConverter: Converting 'Integer' value '0' to type 'Double'
2010-05-05 09:55:41,735 DEBUG [main] org.apache.commons.beanutils.converters.DoubleConverter:     Converted to Double value '0.0'
2010-05-05 09:55:41,735 DEBUG [main] org.apache.commons.beanutils.converters.FloatConverter: Setting default value: 0
2010-05-05 09:55:41,735 DEBUG [main] org.apache.commons.beanutils.converters.FloatConverter: Converting 'Integer' value '0' to type 'Float'
2010-05-05 09:55:41,735 DEBUG [main] org.apache.commons.beanutils.converters.FloatConverter:     Converted to Float value '0.0'
2010-05-05 09:55:41,735 DEBUG [main] org.apache.commons.beanutils.converters.IntegerConverter: Setting default value: 0
2010-05-05 09:55:41,735 DEBUG [main] org.apache.commons.beanutils.converters.IntegerConverter: Converting 'Integer' value '0' to type 'Integer'
2010-05-05 09:55:41,735 DEBUG [main] org.apache.commons.beanutils.converters.IntegerConverter:     No conversion required, value is already a Integer
2010-05-05 09:55:41,750 DEBUG [main] org.apache.commons.beanutils.converters.LongConverter: Setting default value: 0
2010-05-05 09:55:41,750 DEBUG [main] org.apache.commons.beanutils.converters.LongConverter: Converting 'Integer' value '0' to type 'Long'
2010-05-05 09:55:41,750 DEBUG [main] org.apache.commons.beanutils.converters.LongConverter:     Converted to Long value '0'
2010-05-05 09:55:41,750 DEBUG [main] org.apache.commons.beanutils.converters.ShortConverter: Setting default value: 0
2010-05-05 09:55:41,750 DEBUG [main] org.apache.commons.beanutils.converters.ShortConverter: Converting 'Integer' value '0' to type 'Short'
2010-05-05 09:55:41,750 DEBUG [main] org.apache.commons.beanutils.converters.ShortConverter:     Converted to Short value '0'
2010-05-05 09:55:41,750 DEBUG [main] org.apache.commons.beanutils.converters.BigDecimalConverter: Setting default value: 0.0
2010-05-05 09:55:41,750 DEBUG [main] org.apache.commons.beanutils.converters.BigDecimalConverter: Converting 'BigDecimal' value '0.0' to type 'BigDecimal'
2010-05-05 09:55:41,750 DEBUG [main] org.apache.commons.beanutils.converters.BigDecimalConverter:     No conversion required, value is already a BigDecimal
2010-05-05 09:55:41,750 DEBUG [main] org.apache.commons.beanutils.converters.BigIntegerConverter: Setting default value: 0
2010-05-05 09:55:41,750 DEBUG [main] org.apache.commons.beanutils.converters.BigIntegerConverter: Converting 'BigInteger' value '0' to type 'BigInteger'
2010-05-05 09:55:41,750 DEBUG [main] org.apache.commons.beanutils.converters.BigIntegerConverter:     No conversion required, value is already a BigInteger
2010-05-05 09:55:41,750 DEBUG [main] org.apache.commons.beanutils.converters.BooleanConverter: Setting default value: false
2010-05-05 09:55:41,750 DEBUG [main] org.apache.commons.beanutils.converters.BooleanConverter: Converting 'Boolean' value 'false' to type 'Boolean'
2010-05-05 09:55:41,750 DEBUG [main] org.apache.commons.beanutils.converters.BooleanConverter:     No conversion required, value is already a Boolean
2010-05-05 09:55:41,750 DEBUG [main] org.apache.commons.beanutils.converters.ByteConverter: Setting default value: 0
2010-05-05 09:55:41,750 DEBUG [main] org.apache.commons.beanutils.converters.ByteConverter: Converting 'Integer' value '0' to type 'Byte'
2010-05-05 09:55:41,750 DEBUG [main] org.apache.commons.beanutils.converters.ByteConverter:     Converted to Byte value '0'
2010-05-05 09:55:41,750 DEBUG [main] org.apache.commons.beanutils.converters.CharacterConverter: Setting default value:  
2010-05-05 09:55:41,750 DEBUG [main] org.apache.commons.beanutils.converters.CharacterConverter: Converting 'Character' value ' ' to type 'Character'
2010-05-05 09:55:41,750 DEBUG [main] org.apache.commons.beanutils.converters.CharacterConverter:     No conversion required, value is already a Character
2010-05-05 09:55:41,750 DEBUG [main] org.apache.commons.beanutils.converters.DoubleConverter: Setting default value: 0
2010-05-05 09:55:41,750 DEBUG [main] org.apache.commons.beanutils.converters.DoubleConverter: Converting 'Integer' value '0' to type 'Double'
2010-05-05 09:55:41,750 DEBUG [main] org.apache.commons.beanutils.converters.DoubleConverter:     Converted to Double value '0.0'
2010-05-05 09:55:41,750 DEBUG [main] org.apache.commons.beanutils.converters.FloatConverter: Setting default value: 0
2010-05-05 09:55:41,750 DEBUG [main] org.apache.commons.beanutils.converters.FloatConverter: Converting 'Integer' value '0' to type 'Float'
2010-05-05 09:55:41,750 DEBUG [main] org.apache.commons.beanutils.converters.FloatConverter:     Converted to Float value '0.0'
2010-05-05 09:55:41,750 DEBUG [main] org.apache.commons.beanutils.converters.IntegerConverter: Setting default value: 0
2010-05-05 09:55:41,750 DEBUG [main] org.apache.commons.beanutils.converters.IntegerConverter: Converting 'Integer' value '0' to type 'Integer'
2010-05-05 09:55:41,750 DEBUG [main] org.apache.commons.beanutils.converters.IntegerConverter:     No conversion required, value is already a Integer
2010-05-05 09:55:41,750 DEBUG [main] org.apache.commons.beanutils.converters.LongConverter: Setting default value: 0
2010-05-05 09:55:41,750 DEBUG [main] org.apache.commons.beanutils.converters.LongConverter: Converting 'Integer' value '0' to type 'Long'
2010-05-05 09:55:41,750 DEBUG [main] org.apache.commons.beanutils.converters.LongConverter:     Converted to Long value '0'
2010-05-05 09:55:41,750 DEBUG [main] org.apache.commons.beanutils.converters.ShortConverter: Setting default value: 0
2010-05-05 09:55:41,750 DEBUG [main] org.apache.commons.beanutils.converters.ShortConverter: Converting 'Integer' value '0' to type 'Short'
2010-05-05 09:55:41,750 DEBUG [main] org.apache.commons.beanutils.converters.ShortConverter:     Converted to Short value '0'
2010-05-05 09:55:41,750 DEBUG [main] org.apache.commons.beanutils.converters.StringConverter: Setting default value: 
2010-05-05 09:55:41,750 DEBUG [main] org.apache.commons.beanutils.converters.StringConverter: Converting 'String' value '' to type 'String'
2010-05-05 09:55:41,750 DEBUG [main] org.apache.commons.beanutils.converters.ArrayConverter: Setting default value: [Z@1438dbe
2010-05-05 09:55:41,750 DEBUG [main] org.apache.commons.beanutils.converters.ArrayConverter: Converting 'boolean[]' value '[Z@1438dbe' to type 'boolean[]'
2010-05-05 09:55:41,750 DEBUG [main] org.apache.commons.beanutils.converters.ArrayConverter:     No conversion required, value is already a boolean[]
2010-05-05 09:55:41,750 DEBUG [main] org.apache.commons.beanutils.converters.ArrayConverter: Setting default value: [B@ece36
2010-05-05 09:55:41,750 DEBUG [main] org.apache.commons.beanutils.converters.ArrayConverter: Converting 'byte[]' value '[B@ece36' to type 'byte[]'
2010-05-05 09:55:41,750 DEBUG [main] org.apache.commons.beanutils.converters.ArrayConverter:     No conversion required, value is already a byte[]
2010-05-05 09:55:41,750 DEBUG [main] org.apache.commons.beanutils.converters.ArrayConverter: Setting default value: [C@46136
2010-05-05 09:55:41,750 DEBUG [main] org.apache.commons.beanutils.converters.ArrayConverter: Converting 'char[]' value '[C@46136' to type 'char[]'
2010-05-05 09:55:41,750 DEBUG [main] org.apache.commons.beanutils.converters.ArrayConverter:     No conversion required, value is already a char[]
2010-05-05 09:55:41,750 DEBUG [main] org.apache.commons.beanutils.converters.ArrayConverter: Setting default value: [D@18a2977
2010-05-05 09:55:41,750 DEBUG [main] org.apache.commons.beanutils.converters.ArrayConverter: Converting 'double[]' value '[D@18a2977' to type 'double[]'
2010-05-05 09:55:41,750 DEBUG [main] org.apache.commons.beanutils.converters.ArrayConverter:     No conversion required, value is already a double[]
2010-05-05 09:55:41,750 DEBUG [main] org.apache.commons.beanutils.converters.ArrayConverter: Setting default value: [F@1a8739b
2010-05-05 09:55:41,750 DEBUG [main] org.apache.commons.beanutils.converters.ArrayConverter: Converting 'float[]' value '[F@1a8739b' to type 'float[]'
2010-05-05 09:55:41,750 DEBUG [main] org.apache.commons.beanutils.converters.ArrayConverter:     No conversion required, value is already a float[]
2010-05-05 09:55:41,750 DEBUG [main] org.apache.commons.beanutils.converters.ArrayConverter: Setting default value: [I@3dd246
2010-05-05 09:55:41,750 DEBUG [main] org.apache.commons.beanutils.converters.ArrayConverter: Converting 'int[]' value '[I@3dd246' to type 'int[]'
2010-05-05 09:55:41,750 DEBUG [main] org.apache.commons.beanutils.converters.ArrayConverter:     No conversion required, value is already a int[]
2010-05-05 09:55:41,750 DEBUG [main] org.apache.commons.beanutils.converters.ArrayConverter: Setting default value: [J@b7f2d0
2010-05-05 09:55:41,750 DEBUG [main] org.apache.commons.beanutils.converters.ArrayConverter: Converting 'long[]' value '[J@b7f2d0' to type 'long[]'
2010-05-05 09:55:41,750 DEBUG [main] org.apache.commons.beanutils.converters.ArrayConverter:     No conversion required, value is already a long[]
2010-05-05 09:55:41,750 DEBUG [main] org.apache.commons.beanutils.converters.ArrayConverter: Setting default value: [S@a64a92
2010-05-05 09:55:41,750 DEBUG [main] org.apache.commons.beanutils.converters.ArrayConverter: Converting 'short[]' value '[S@a64a92' to type 'short[]'
2010-05-05 09:55:41,750 DEBUG [main] org.apache.commons.beanutils.converters.ArrayConverter:     No conversion required, value is already a short[]
2010-05-05 09:55:41,750 DEBUG [main] org.apache.commons.beanutils.converters.ArrayConverter: Setting default value: [Ljava.math.BigDecimal;@169da74
2010-05-05 09:55:41,750 DEBUG [main] org.apache.commons.beanutils.converters.ArrayConverter: Converting 'BigDecimal[]' value '[Ljava.math.BigDecimal;@169da74' to type 'BigDecimal[]'
2010-05-05 09:55:41,750 DEBUG [main] org.apache.commons.beanutils.converters.ArrayConverter:     No conversion required, value is already a BigDecimal[]
2010-05-05 09:55:41,750 DEBUG [main] org.apache.commons.beanutils.converters.ArrayConverter: Setting default value: [Ljava.math.BigInteger;@14c8822
2010-05-05 09:55:41,750 DEBUG [main] org.apache.commons.beanutils.converters.ArrayConverter: Converting 'BigInteger[]' value '[Ljava.math.BigInteger;@14c8822' to type 'BigInteger[]'
2010-05-05 09:55:41,750 DEBUG [main] org.apache.commons.beanutils.converters.ArrayConverter:     No conversion required, value is already a BigInteger[]
2010-05-05 09:55:41,750 DEBUG [main] org.apache.commons.beanutils.converters.ArrayConverter: Setting default value: [Ljava.lang.Boolean;@453dd5
2010-05-05 09:55:41,750 DEBUG [main] org.apache.commons.beanutils.converters.ArrayConverter: Converting 'Boolean[]' value '[Ljava.lang.Boolean;@453dd5' to type 'Boolean[]'
2010-05-05 09:55:41,750 DEBUG [main] org.apache.commons.beanutils.converters.ArrayConverter:     No conversion required, value is already a Boolean[]
2010-05-05 09:55:41,750 DEBUG [main] org.apache.commons.beanutils.converters.ArrayConverter: Setting default value: [Ljava.lang.Byte;@1dea382
2010-05-05 09:55:41,750 DEBUG [main] org.apache.commons.beanutils.converters.ArrayConverter: Converting 'Byte[]' value '[Ljava.lang.Byte;@1dea382' to type 'Byte[]'
2010-05-05 09:55:41,750 DEBUG [main] org.apache.commons.beanutils.converters.ArrayConverter:     No conversion required, value is already a Byte[]
2010-05-05 09:55:41,750 DEBUG [main] org.apache.commons.beanutils.converters.ArrayConverter: Setting default value: [Ljava.lang.Character;@d1afd3
2010-05-05 09:55:41,750 DEBUG [main] org.apache.commons.beanutils.converters.ArrayConverter: Converting 'Character[]' value '[Ljava.lang.Character;@d1afd3' to type 'Character[]'
2010-05-05 09:55:41,750 DEBUG [main] org.apache.commons.beanutils.converters.ArrayConverter:     No conversion required, value is already a Character[]
2010-05-05 09:55:41,750 DEBUG [main] org.apache.commons.beanutils.converters.ArrayConverter: Setting default value: [Ljava.lang.Double;@6e795b
2010-05-05 09:55:41,750 DEBUG [main] org.apache.commons.beanutils.converters.ArrayConverter: Converting 'Double[]' value '[Ljava.lang.Double;@6e795b' to type 'Double[]'
2010-05-05 09:55:41,750 DEBUG [main] org.apache.commons.beanutils.converters.ArrayConverter:     No conversion required, value is already a Double[]
2010-05-05 09:55:41,750 DEBUG [main] org.apache.commons.beanutils.converters.ArrayConverter: Setting default value: [Ljava.lang.Float;@1e2bda7
2010-05-05 09:55:41,750 DEBUG [main] org.apache.commons.beanutils.converters.ArrayConverter: Converting 'Float[]' value '[Ljava.lang.Float;@1e2bda7' to type 'Float[]'
2010-05-05 09:55:41,750 DEBUG [main] org.apache.commons.beanutils.converters.ArrayConverter:     No conversion required, value is already a Float[]
2010-05-05 09:55:41,750 DEBUG [main] org.apache.commons.beanutils.converters.ArrayConverter: Setting default value: [Ljava.lang.Integer;@44ac5e
2010-05-05 09:55:41,750 DEBUG [main] org.apache.commons.beanutils.converters.ArrayConverter: Converting 'Integer[]' value '[Ljava.lang.Integer;@44ac5e' to type 'Integer[]'
2010-05-05 09:55:41,750 DEBUG [main] org.apache.commons.beanutils.converters.ArrayConverter:     No conversion required, value is already a Integer[]
2010-05-05 09:55:41,750 DEBUG [main] org.apache.commons.beanutils.converters.ArrayConverter: Setting default value: [Ljava.lang.Long;@904f75
2010-05-05 09:55:41,766 DEBUG [main] org.apache.commons.beanutils.converters.ArrayConverter: Converting 'Long[]' value '[Ljava.lang.Long;@904f75' to type 'Long[]'
2010-05-05 09:55:41,766 DEBUG [main] org.apache.commons.beanutils.converters.ArrayConverter:     No conversion required, value is already a Long[]
2010-05-05 09:55:41,766 DEBUG [main] org.apache.commons.beanutils.converters.ArrayConverter: Setting default value: [Ljava.lang.Short;@16b277f
2010-05-05 09:55:41,766 DEBUG [main] org.apache.commons.beanutils.converters.ArrayConverter: Converting 'Short[]' value '[Ljava.lang.Short;@16b277f' to type 'Short[]'
2010-05-05 09:55:41,766 DEBUG [main] org.apache.commons.beanutils.converters.ArrayConverter:     No conversion required, value is already a Short[]
2010-05-05 09:55:41,766 DEBUG [main] org.apache.commons.beanutils.converters.ArrayConverter: Setting default value: [Ljava.lang.String;@1ee2ea8
2010-05-05 09:55:41,766 DEBUG [main] org.apache.commons.beanutils.converters.ArrayConverter: Converting 'String[]' value '[Ljava.lang.String;@1ee2ea8' to type 'String[]'
2010-05-05 09:55:41,766 DEBUG [main] org.apache.commons.beanutils.converters.ArrayConverter:     No conversion required, value is already a String[]
2010-05-05 09:55:41,766 DEBUG [main] org.apache.commons.beanutils.converters.ArrayConverter: Setting default value: [Ljava.lang.Class;@394ffa
2010-05-05 09:55:41,766 DEBUG [main] org.apache.commons.beanutils.converters.ArrayConverter: Converting 'Class[]' value '[Ljava.lang.Class;@394ffa' to type 'Class[]'
2010-05-05 09:55:41,766 DEBUG [main] org.apache.commons.beanutils.converters.ArrayConverter:     No conversion required, value is already a Class[]
2010-05-05 09:55:41,766 DEBUG [main] org.apache.commons.beanutils.converters.ArrayConverter: Setting default value: [Ljava.util.Date;@b1bed2
2010-05-05 09:55:41,766 DEBUG [main] org.apache.commons.beanutils.converters.ArrayConverter: Converting 'Date[]' value '[Ljava.util.Date;@b1bed2' to type 'Date[]'
2010-05-05 09:55:41,766 DEBUG [main] org.apache.commons.beanutils.converters.ArrayConverter:     No conversion required, value is already a Date[]
2010-05-05 09:55:41,766 DEBUG [main] org.apache.commons.beanutils.converters.ArrayConverter: Setting default value: [Ljava.util.Calendar;@76f1f4
2010-05-05 09:55:41,766 DEBUG [main] org.apache.commons.beanutils.converters.ArrayConverter: Converting 'Calendar[]' value '[Ljava.util.Calendar;@76f1f4' to type 'Calendar[]'
2010-05-05 09:55:41,766 DEBUG [main] org.apache.commons.beanutils.converters.ArrayConverter:     No conversion required, value is already a Calendar[]
2010-05-05 09:55:41,766 DEBUG [main] org.apache.commons.beanutils.converters.ArrayConverter: Setting default value: [Ljava.io.File;@1d18084
2010-05-05 09:55:41,766 DEBUG [main] org.apache.commons.beanutils.converters.ArrayConverter: Converting 'java.io.File[]' value '[Ljava.io.File;@1d18084' to type 'java.io.File[]'
2010-05-05 09:55:41,766 DEBUG [main] org.apache.commons.beanutils.converters.ArrayConverter:     No conversion required, value is already a java.io.File[]
2010-05-05 09:55:41,766 DEBUG [main] org.apache.commons.beanutils.converters.ArrayConverter: Setting default value: [Ljava.sql.Date;@14c7deb
2010-05-05 09:55:41,766 DEBUG [main] org.apache.commons.beanutils.converters.ArrayConverter: Converting 'java.sql.Date[]' value '[Ljava.sql.Date;@14c7deb' to type 'java.sql.Date[]'
2010-05-05 09:55:41,766 DEBUG [main] org.apache.commons.beanutils.converters.ArrayConverter:     No conversion required, value is already a java.sql.Date[]
2010-05-05 09:55:41,766 DEBUG [main] org.apache.commons.beanutils.converters.ArrayConverter: Setting default value: [Ljava.sql.Time;@1bef4c6
2010-05-05 09:55:41,766 DEBUG [main] org.apache.commons.beanutils.converters.ArrayConverter: Converting 'java.sql.Time[]' value '[Ljava.sql.Time;@1bef4c6' to type 'java.sql.Time[]'
2010-05-05 09:55:41,766 DEBUG [main] org.apache.commons.beanutils.converters.ArrayConverter:     No conversion required, value is already a java.sql.Time[]
2010-05-05 09:55:41,766 DEBUG [main] org.apache.commons.beanutils.converters.ArrayConverter: Setting default value: [Ljava.sql.Timestamp;@17e6064
2010-05-05 09:55:41,766 DEBUG [main] org.apache.commons.beanutils.converters.ArrayConverter: Converting 'java.sql.Timestamp[]' value '[Ljava.sql.Timestamp;@17e6064' to type 'java.sql.Timestamp[]'
2010-05-05 09:55:41,766 DEBUG [main] org.apache.commons.beanutils.converters.ArrayConverter:     No conversion required, value is already a java.sql.Timestamp[]
2010-05-05 09:55:41,766 DEBUG [main] org.apache.commons.beanutils.converters.ArrayConverter: Setting default value: [Ljava.net.URL;@dbd794
2010-05-05 09:55:41,766 DEBUG [main] org.apache.commons.beanutils.converters.ArrayConverter: Converting 'java.net.URL[]' value '[Ljava.net.URL;@dbd794' to type 'java.net.URL[]'
2010-05-05 09:55:41,766 DEBUG [main] org.apache.commons.beanutils.converters.ArrayConverter:     No conversion required, value is already a java.net.URL[]
2010-05-05 09:55:41,766 TRACE [main] org.apache.commons.beanutils.BeanUtils:   setProperty(de.gaalop.maple.Plugin@3de2df, mapleBinaryPath, C:\Program Files (x86)\Maple 13\bin.win\)
2010-05-05 09:55:41,766 TRACE [main] org.apache.commons.beanutils.BeanUtils:     Target bean = de.gaalop.maple.Plugin@3de2df
2010-05-05 09:55:41,766 TRACE [main] org.apache.commons.beanutils.BeanUtils:     Target name = mapleBinaryPath
2010-05-05 09:55:41,766 DEBUG [main] org.apache.commons.beanutils.ConvertUtils: Convert string 'C:\Program Files (x86)\Maple 13\bin.win\' to class 'java.lang.String'
2010-05-05 09:55:41,766 TRACE [main] org.apache.commons.beanutils.ConvertUtils:   Using converter ConverterFacade[StringConverter[UseDefault=true]]
2010-05-05 09:55:41,766 DEBUG [main] org.apache.commons.beanutils.converters.StringConverter: Converting 'String' value 'C:\Program Files (x86)\Maple 13\bin.win\' to type 'String'
2010-05-05 09:55:41,781 TRACE [main] org.apache.commons.beanutils.PropertyUtils: setSimpleProperty: Invoking method public void de.gaalop.maple.Plugin.setMapleBinaryPath(java.lang.String) with value C:\Program Files (x86)\Maple 13\bin.win\ (class java.lang.String)
2010-05-05 09:55:41,781 DEBUG [main] de.gaalop.gui.util.PluginConfigurator: Configuration for de.gaalop.maple.Plugin.mapleJavaPath = C:\Program Files (x86)\Maple 13\java\
2010-05-05 09:55:41,781 TRACE [main] org.apache.commons.beanutils.BeanUtils:   setProperty(de.gaalop.maple.Plugin@3de2df, mapleJavaPath, C:\Program Files (x86)\Maple 13\java\)
2010-05-05 09:55:41,781 TRACE [main] org.apache.commons.beanutils.BeanUtils:     Target bean = de.gaalop.maple.Plugin@3de2df
2010-05-05 09:55:41,781 TRACE [main] org.apache.commons.beanutils.BeanUtils:     Target name = mapleJavaPath
2010-05-05 09:55:41,781 DEBUG [main] org.apache.commons.beanutils.ConvertUtils: Convert string 'C:\Program Files (x86)\Maple 13\java\' to class 'java.lang.String'
2010-05-05 09:55:41,781 TRACE [main] org.apache.commons.beanutils.ConvertUtils:   Using converter ConverterFacade[StringConverter[UseDefault=true]]
2010-05-05 09:55:41,781 DEBUG [main] org.apache.commons.beanutils.converters.StringConverter: Converting 'String' value 'C:\Program Files (x86)\Maple 13\java\' to type 'String'
2010-05-05 09:55:41,781 TRACE [main] org.apache.commons.beanutils.PropertyUtils: setSimpleProperty: Invoking method public void de.gaalop.maple.Plugin.setMapleJavaPath(java.lang.String) with value C:\Program Files (x86)\Maple 13\java\ (class java.lang.String)
2010-05-05 09:55:41,781 DEBUG [main] de.gaalop.gui.util.PluginConfigurator: Registering de.gaalop.gui.StatusBar[,0,461,640x19,layout=java.awt.BorderLayout,alignmentX=0.0,alignmentY=0.0,border=javax.swing.plaf.synth.SynthBorder@1db8f8e,flags=9,maximumSize=,minimumSize=,preferredSize=] as observer of Maple plugin
2010-05-05 09:55:41,781 DEBUG [main] de.gaalop.gui.util.PluginConfigurator: Configuring class de.gaalop.clucalc.input.Plugin
2010-05-05 09:55:41,781 DEBUG [main] de.gaalop.gui.util.PluginConfigurator: Registering de.gaalop.gui.StatusBar[,0,461,640x19,layout=java.awt.BorderLayout,alignmentX=0.0,alignmentY=0.0,border=javax.swing.plaf.synth.SynthBorder@1db8f8e,flags=9,maximumSize=,minimumSize=,preferredSize=] as observer of CluCalc plugin
2010-05-05 09:55:41,781 DEBUG [main] de.gaalop.gui.util.PluginConfigurator: Configuring class de.gaalop.latex.Plugin
2010-05-05 09:55:41,781 DEBUG [main] de.gaalop.gui.util.PluginConfigurator: Configuring class de.gaalop.cpp.Plugin
2010-05-05 09:55:41,781 DEBUG [main] de.gaalop.gui.util.PluginConfigurator: Configuring class de.gaalop.clucalc.output.Plugin
2010-05-05 09:55:41,781 DEBUG [main] de.gaalop.gui.util.PluginConfigurator: Configuring class de.gaalop.dot.Plugin
2010-05-05 09:55:43,544 DEBUG [AWT-EventQueue-0] de.gaalop.gui.CompileAction: Preferred optimization plugin is 
2010-05-05 09:55:43,575 DEBUG [AWT-EventQueue-0] de.gaalop.maple.engine.MapleClassLoader: Jar URLs for Maple: [file:/C:/Program%20Files%20(x86)/Maple%2013/java/jopenmaple.jar, file:/C:/Program%20Files%20(x86)/Maple%2013/java/externalcall.jar]
2010-05-05 09:55:43,591 DEBUG [AWT-EventQueue-0] de.gaalop.maple.engine.MapleClassLoader: Mapping jopenmaple to C:\Program Files (x86)\Maple 13\bin.win\jopenmaple.dll
2010-05-05 09:55:43,638 DEBUG [Thread-4] de.gaalop.clucalc.input.CluCalcCodeParser: Processing macros.clu, Content: DefVarsN3();
:IPNS;

test = {
   test2 = _P(1) * e2^einf;
}

?result = test(1);


2010-05-05 09:55:43,716 DEBUG [Thread-4] de.gaalop.cfg.ControlFlowGraph: Changing blade list to [1.0, e1, e2, e3, einf, e0, e1 ^ e2, e1 ^ e3, e1 ^ einf, e1 ^ e0, e2 ^ e3, e2 ^ einf, e2 ^ e0, e3 ^ einf, e3 ^ e0, einf ^ e0, e1 ^ (e2 ^ e3), e1 ^ (e2 ^ einf), e1 ^ (e2 ^ e0), e1 ^ (e3 ^ einf), e1 ^ (e3 ^ e0), e1 ^ (einf ^ e0), e2 ^ (e3 ^ einf), e2 ^ (e3 ^ e0), e2 ^ (einf ^ e0), e3 ^ (einf ^ e0), e1 ^ (e2 ^ (e3 ^ einf)), e1 ^ (e2 ^ (e3 ^ e0)), e1 ^ (e2 ^ (einf ^ e0)), e1 ^ (e3 ^ (einf ^ e0)), e2 ^ (e3 ^ (einf ^ e0)), e1 ^ (e2 ^ (e3 ^ (einf ^ e0)))]
2010-05-05 09:55:43,716 DEBUG [Thread-4] de.gaalop.cfg.ControlFlowGraph: Changing blade list to [1.0, e1, e2, e3, einf, e0, e1 ^ e2, e1 ^ e3, e1 ^ einf, e1 ^ e0, e2 ^ e3, e2 ^ einf, e2 ^ e0, e3 ^ einf, e3 ^ e0, einf ^ e0, e1 ^ (e2 ^ e3), e1 ^ (e2 ^ einf), e1 ^ (e2 ^ e0), e1 ^ (e3 ^ einf), e1 ^ (e3 ^ e0), e1 ^ (einf ^ e0), e2 ^ (e3 ^ einf), e2 ^ (e3 ^ e0), e2 ^ (einf ^ e0), e3 ^ (einf ^ e0), e1 ^ (e2 ^ (e3 ^ einf)), e1 ^ (e2 ^ (e3 ^ e0)), e1 ^ (e2 ^ (einf ^ e0)), e1 ^ (e3 ^ (einf ^ e0)), e2 ^ (e3 ^ (einf ^ e0)), e1 ^ (e2 ^ (e3 ^ (einf ^ e0)))]
2010-05-05 09:56:26,164 DEBUG [Thread-4] de.gaalop.maple.MapleStrategy: Simplifying graph using maple.
2010-05-05 09:56:26,164 DEBUG [Thread-4] de.gaalop.maple.engine.MapleEngineImpl: Executing restart:
2010-05-05 09:56:26,179 DEBUG [Thread-4] de.gaalop.maple.engine.MapleEngineImpl: Result: 
2010-05-05 09:56:26,179 DEBUG [Thread-4] de.gaalop.maple.engine.MapleEngineImpl: Executing with(Clifford);
2010-05-05 09:56:26,195 DEBUG [Thread-4] de.gaalop.maple.engine.MapleEngineImpl: Result: [`&m`, Bsignature, CLIFFORD_ENV, Kfield, LC, LCQ, RC, RCQ, RHnumber, adfmatrix, all_sigs, beta_minus, beta_plus, buildm, bygrade, c_conjug, cbasis, cdfmatrix, cexp, cexpQ, cinv, clibilinear, clicollect, clidata, clilinear, climinpoly, cliparse, cliremove, clisolve, clisort, cliterms, cmul, cmulNUM, cmulQ, cmulRS, cmulgen, cocycle, commutingelements, conjugation, ddfmatrix, diagonalize, displayid, extract, factoridempotent, find1str, findbasis, gradeinv, init, isVahlenmatrix, isproduct, makealiases, makeclibasmon, matKrepr, maxgrade, maxindex, mdfmatrix, minimalideal, ord, permsign, pseudodet, q_conjug, qdisplay, qinv, qmul, qnorm, rd_clibasmon, rd_climon, rd_clipolynom, reorder, reversion, rmulm, rot3d, scalarpart, sexp, specify_constants, spinorKbasis, spinorKrepr, squaremodf, subs_clipolynom, useproduct, vectorpart, version, wedge, wexp]

2010-05-05 09:56:26,195 DEBUG [Thread-4] de.gaalop.maple.engine.MapleEngineImpl: Executing read "C:\\Users\\CHRIST~1\\AppData\\Local\\Temp\\gaalop1850225575098810053.m";
2010-05-05 09:56:26,195 DEBUG [Thread-4] de.gaalop.maple.engine.MapleEngineImpl: Result: 
2010-05-05 09:56:26,195 DEBUG [Thread-4] de.gaalop.maple.engine.MapleEngineImpl: Executing read "C:\\Users\\CHRIST~1\\AppData\\Local\\Temp\\gaalop1964064348975729780.m";
2010-05-05 09:56:26,195 DEBUG [Thread-4] de.gaalop.maple.engine.MapleEngineImpl: Result: 
2010-05-05 09:56:26,195 DEBUG [Thread-4] de.gaalop.maple.engine.MapleEngineImpl: Executing B:=linalg[diag](1,1,1,1,-1);
2010-05-05 09:56:26,210 DEBUG [Thread-4] de.gaalop.maple.engine.MapleEngineImpl: Result: B := matrix([[1, 0, 0, 0, 0], [0, 1, 0, 0, 0], [0, 0, 1, 0, 0], [0, 0, 0, 1, 0], [0, 0, 0, 0, -1]])

2010-05-05 09:56:26,210 DEBUG [Thread-4] de.gaalop.maple.engine.MapleEngineImpl: Executing eval(makealiases(5,"ordered"));
2010-05-05 09:56:26,210 DEBUG [Thread-4] de.gaalop.maple.engine.MapleEngineImpl: Result: e12, e13, e14, e15, e23, e24, e25, e34, e35, e45, e123, e124, e125, e134, e135, e145, e234, e235, e245, e345, e1234, e1235, e1245, e1345, e2345, e12345

2010-05-05 09:56:26,210 DEBUG [Thread-4] de.gaalop.maple.engine.MapleEngineImpl: Executing e0:=-1/2*e4 + 1/2*e5;
2010-05-05 09:56:26,210 DEBUG [Thread-4] de.gaalop.maple.engine.MapleEngineImpl: Result: e0 := -1/2*e4+1/2*e5

2010-05-05 09:56:26,210 DEBUG [Thread-4] de.gaalop.maple.engine.MapleEngineImpl: Executing einf:=e4+e5;
2010-05-05 09:56:26,210 DEBUG [Thread-4] de.gaalop.maple.engine.MapleEngineImpl: Result: einf := e4+e5

2010-05-05 09:56:26,210 DEBUG [Thread-4] de.gaalop.maple.engine.MapleEngineImpl: Executing gaalopinitialize();
2010-05-05 09:56:26,320 DEBUG [Thread-4] de.gaalop.maple.engine.MapleEngineImpl: Result: Cliplus has been loaded. Definitions for type/climon and type/clipolynom now include &C and &C[K]. Type ?cliprod for help.
Warning, since B has been (re-)assigned, value of dim_V has been reduced by 'wedge' to 5
e12345

2010-05-05 09:56:26,320 ERROR [Thread-4] de.gaalop.gui.CompileAction: Compilation exception
de.gaalop.OptimizationException: Unable to simplify using maple.
	at de.gaalop.maple.MapleStrategy.transform(MapleStrategy.java:30)
	at de.gaalop.CompilerFacade.compile(CompilerFacade.java:45)
	at de.gaalop.gui.CompileAction$1.run(CompileAction.java:65)
	at java.lang.Thread.run(Thread.java:619)
Caused by: java.lang.IllegalStateException: Macros should have been inlined.
	at de.gaalop.maple.MapleCfgVisitor.visit(MapleCfgVisitor.java:186)
	at de.gaalop.cfg.Macro.accept(Macro.java:25)
	at de.gaalop.maple.MapleCfgVisitor.visit(MapleCfgVisitor.java:51)
	at de.gaalop.cfg.StartNode.accept(StartNode.java:28)
	at de.gaalop.cfg.ControlFlowGraph.accept(ControlFlowGraph.java:253)
	at de.gaalop.maple.MapleSimplifier.simplify(MapleSimplifier.java:83)
	at de.gaalop.maple.MapleStrategy.transform(MapleStrategy.java:28)
	... 3 more
2010-05-05 09:56:36,960 DEBUG [AWT-EventQueue-0] de.gaalop.gui.CompileAction: Preferred optimization plugin is 
2010-05-05 09:56:36,960 DEBUG [Thread-6] de.gaalop.clucalc.input.CluCalcCodeParser: Processing macros.clu, Content: DefVarsN3();
:IPNS;

test = {
   test2 = _P(1) * e2^einf;
   sin(x)
}

?result = test(1);


2010-05-05 09:56:36,975 DEBUG [Thread-6] de.gaalop.cfg.ControlFlowGraph: Changing blade list to [1.0, e1, e2, e3, einf, e0, e1 ^ e2, e1 ^ e3, e1 ^ einf, e1 ^ e0, e2 ^ e3, e2 ^ einf, e2 ^ e0, e3 ^ einf, e3 ^ e0, einf ^ e0, e1 ^ (e2 ^ e3), e1 ^ (e2 ^ einf), e1 ^ (e2 ^ e0), e1 ^ (e3 ^ einf), e1 ^ (e3 ^ e0), e1 ^ (einf ^ e0), e2 ^ (e3 ^ einf), e2 ^ (e3 ^ e0), e2 ^ (einf ^ e0), e3 ^ (einf ^ e0), e1 ^ (e2 ^ (e3 ^ einf)), e1 ^ (e2 ^ (e3 ^ e0)), e1 ^ (e2 ^ (einf ^ e0)), e1 ^ (e3 ^ (einf ^ e0)), e2 ^ (e3 ^ (einf ^ e0)), e1 ^ (e2 ^ (e3 ^ (einf ^ e0)))]
2010-05-05 09:56:36,975 DEBUG [Thread-6] de.gaalop.cfg.ControlFlowGraph: Changing blade list to [1.0, e1, e2, e3, einf, e0, e1 ^ e2, e1 ^ e3, e1 ^ einf, e1 ^ e0, e2 ^ e3, e2 ^ einf, e2 ^ e0, e3 ^ einf, e3 ^ e0, einf ^ e0, e1 ^ (e2 ^ e3), e1 ^ (e2 ^ einf), e1 ^ (e2 ^ e0), e1 ^ (e3 ^ einf), e1 ^ (e3 ^ e0), e1 ^ (einf ^ e0), e2 ^ (e3 ^ einf), e2 ^ (e3 ^ e0), e2 ^ (einf ^ e0), e3 ^ (einf ^ e0), e1 ^ (e2 ^ (e3 ^ einf)), e1 ^ (e2 ^ (e3 ^ e0)), e1 ^ (e2 ^ (einf ^ e0)), e1 ^ (e3 ^ (einf ^ e0)), e2 ^ (e3 ^ (einf ^ e0)), e1 ^ (e2 ^ (e3 ^ (einf ^ e0)))]
2010-05-05 09:56:49,923 DEBUG [Thread-6] de.gaalop.maple.MapleStrategy: Simplifying graph using maple.
2010-05-05 09:56:49,923 DEBUG [Thread-6] de.gaalop.maple.engine.MapleEngineImpl: Executing restart:
2010-05-05 09:56:49,939 DEBUG [Thread-6] de.gaalop.maple.engine.MapleEngineImpl: Result: 
2010-05-05 09:56:49,939 DEBUG [Thread-6] de.gaalop.maple.engine.MapleEngineImpl: Executing with(Clifford);
2010-05-05 09:56:49,955 DEBUG [Thread-6] de.gaalop.maple.engine.MapleEngineImpl: Result: [`&m`, Bsignature, CLIFFORD_ENV, Kfield, LC, LCQ, RC, RCQ, RHnumber, adfmatrix, all_sigs, beta_minus, beta_plus, buildm, bygrade, c_conjug, cbasis, cdfmatrix, cexp, cexpQ, cinv, clibilinear, clicollect, clidata, clilinear, climinpoly, cliparse, cliremove, clisolve, clisort, cliterms, cmul, cmulNUM, cmulQ, cmulRS, cmulgen, cocycle, commutingelements, conjugation, ddfmatrix, diagonalize, displayid, extract, factoridempotent, find1str, findbasis, gradeinv, init, isVahlenmatrix, isproduct, makealiases, makeclibasmon, matKrepr, maxgrade, maxindex, mdfmatrix, minimalideal, ord, permsign, pseudodet, q_conjug, qdisplay, qinv, qmul, qnorm, rd_clibasmon, rd_climon, rd_clipolynom, reorder, reversion, rmulm, rot3d, scalarpart, sexp, specify_constants, spinorKbasis, spinorKrepr, squaremodf, subs_clipolynom, useproduct, vectorpart, version, wedge, wexp]

2010-05-05 09:56:49,955 DEBUG [Thread-6] de.gaalop.maple.engine.MapleEngineImpl: Executing read "C:\\Users\\CHRIST~1\\AppData\\Local\\Temp\\gaalop6700168863582067036.m";
2010-05-05 09:56:49,955 DEBUG [Thread-6] de.gaalop.maple.engine.MapleEngineImpl: Result: 
2010-05-05 09:56:49,955 DEBUG [Thread-6] de.gaalop.maple.engine.MapleEngineImpl: Executing read "C:\\Users\\CHRIST~1\\AppData\\Local\\Temp\\gaalop3569396289715847443.m";
2010-05-05 09:56:49,955 DEBUG [Thread-6] de.gaalop.maple.engine.MapleEngineImpl: Result: 
2010-05-05 09:56:49,955 DEBUG [Thread-6] de.gaalop.maple.engine.MapleEngineImpl: Executing B:=linalg[diag](1,1,1,1,-1);
2010-05-05 09:56:49,970 DEBUG [Thread-6] de.gaalop.maple.engine.MapleEngineImpl: Result: B := matrix([[1, 0, 0, 0, 0], [0, 1, 0, 0, 0], [0, 0, 1, 0, 0], [0, 0, 0, 1, 0], [0, 0, 0, 0, -1]])

2010-05-05 09:56:49,970 DEBUG [Thread-6] de.gaalop.maple.engine.MapleEngineImpl: Executing eval(makealiases(5,"ordered"));
2010-05-05 09:56:49,970 DEBUG [Thread-6] de.gaalop.maple.engine.MapleEngineImpl: Result: e12, e13, e14, e15, e23, e24, e25, e34, e35, e45, e123, e124, e125, e134, e135, e145, e234, e235, e245, e345, e1234, e1235, e1245, e1345, e2345, e12345

2010-05-05 09:56:49,970 DEBUG [Thread-6] de.gaalop.maple.engine.MapleEngineImpl: Executing e0:=-1/2*e4 + 1/2*e5;
2010-05-05 09:56:49,970 DEBUG [Thread-6] de.gaalop.maple.engine.MapleEngineImpl: Result: e0 := -1/2*e4+1/2*e5

2010-05-05 09:56:49,970 DEBUG [Thread-6] de.gaalop.maple.engine.MapleEngineImpl: Executing einf:=e4+e5;
2010-05-05 09:56:49,970 DEBUG [Thread-6] de.gaalop.maple.engine.MapleEngineImpl: Result: einf := e4+e5

2010-05-05 09:56:49,970 DEBUG [Thread-6] de.gaalop.maple.engine.MapleEngineImpl: Executing gaalopinitialize();
2010-05-05 09:56:50,079 DEBUG [Thread-6] de.gaalop.maple.engine.MapleEngineImpl: Result: Cliplus has been loaded. Definitions for type/climon and type/clipolynom now include &C and &C[K]. Type ?cliprod for help.
Warning, since B has been (re-)assigned, value of dim_V has been reduced by 'wedge' to 5
e12345

2010-05-05 09:56:50,079 ERROR [Thread-6] de.gaalop.gui.CompileAction: Compilation exception
de.gaalop.OptimizationException: Unable to simplify using maple.
	at de.gaalop.maple.MapleStrategy.transform(MapleStrategy.java:30)
	at de.gaalop.CompilerFacade.compile(CompilerFacade.java:45)
	at de.gaalop.gui.CompileAction$1.run(CompileAction.java:65)
	at java.lang.Thread.run(Thread.java:619)
Caused by: java.lang.IllegalStateException: Macros should have been inlined.
	at de.gaalop.maple.MapleCfgVisitor.visit(MapleCfgVisitor.java:186)
	at de.gaalop.cfg.Macro.accept(Macro.java:25)
	at de.gaalop.maple.MapleCfgVisitor.visit(MapleCfgVisitor.java:51)
	at de.gaalop.cfg.StartNode.accept(StartNode.java:28)
	at de.gaalop.cfg.ControlFlowGraph.accept(ControlFlowGraph.java:253)
	at de.gaalop.maple.MapleSimplifier.simplify(MapleSimplifier.java:83)
	at de.gaalop.maple.MapleStrategy.transform(MapleStrategy.java:28)
	... 3 more
2010-05-05 09:56:59,144 DEBUG [AWT-EventQueue-0] de.gaalop.gui.CompileAction: Preferred optimization plugin is 
2010-05-05 09:56:59,144 DEBUG [Thread-7] de.gaalop.clucalc.input.CluCalcCodeParser: Processing macros.clu, Content: DefVarsN3();
:IPNS;

test = {
   test2 = _P(1) * e2^einf;
   sin(x)
cos(x)
}

?result = test(1);


2010-05-05 09:56:59,144 ERROR [Thread-7] de.gaalop.gui.CompileAction: Compilation exception
de.gaalop.CodeParserException: Unable to parse CluCalc file.
Unable to parse CluCalc file:
line 7:0 missing CRBRACKET at 'cos'
line 8:0 mismatched input '}' expecting SEMICOLON

	at de.gaalop.clucalc.input.CluCalcCodeParser.parseFile(CluCalcCodeParser.java:42)
	at de.gaalop.CompilerFacade.compile(CompilerFacade.java:42)
	at de.gaalop.gui.CompileAction$1.run(CompileAction.java:65)
	at java.lang.Thread.run(Thread.java:619)
Caused by: de.gaalop.CodeParserException: Unable to parse CluCalc file:
line 7:0 missing CRBRACKET at 'cos'
line 8:0 mismatched input '}' expecting SEMICOLON

	at de.gaalop.clucalc.input.CluCalcCodeParser.parse(CluCalcCodeParser.java:63)
	at de.gaalop.clucalc.input.CluCalcCodeParser.parseFile(CluCalcCodeParser.java:40)
	... 3 more
2010-05-05 09:57:05,759 DEBUG [AWT-EventQueue-0] de.gaalop.gui.util.PluginConfigurator: Reading configuration of class de.gaalop.maple.Plugin
2010-05-05 09:57:05,759 DEBUG [AWT-EventQueue-0] org.apache.commons.beanutils.converters.StringConverter: Converting 'String' value 'C:\Program Files (x86)\Maple 13\bin.win\' to type 'String'
2010-05-05 09:57:05,759 DEBUG [AWT-EventQueue-0] de.gaalop.gui.util.PluginConfigurator: Read value for de.gaalop.maple.Plugin.mapleBinaryPath = C:\Program Files (x86)\Maple 13\bin.win\
2010-05-05 09:57:05,759 DEBUG [AWT-EventQueue-0] org.apache.commons.beanutils.converters.StringConverter: Converting 'String' value 'C:\Program Files (x86)\Maple 13\java\' to type 'String'
2010-05-05 09:57:05,759 DEBUG [AWT-EventQueue-0] de.gaalop.gui.util.PluginConfigurator: Read value for de.gaalop.maple.Plugin.mapleJavaPath = C:\Program Files (x86)\Maple 13\java\
2010-05-05 09:57:05,759 DEBUG [AWT-EventQueue-0] de.gaalop.gui.util.PluginConfigurator: Reading configuration of class de.gaalop.clucalc.input.Plugin
2010-05-05 09:57:05,759 DEBUG [AWT-EventQueue-0] de.gaalop.gui.util.PluginConfigurator: Reading configuration of class de.gaalop.latex.Plugin
2010-05-05 09:57:05,759 DEBUG [AWT-EventQueue-0] de.gaalop.gui.util.PluginConfigurator: Reading configuration of class de.gaalop.cpp.Plugin
2010-05-05 09:57:05,759 DEBUG [AWT-EventQueue-0] de.gaalop.gui.util.PluginConfigurator: Reading configuration of class de.gaalop.clucalc.output.Plugin
2010-05-05 09:57:05,759 DEBUG [AWT-EventQueue-0] de.gaalop.gui.util.PluginConfigurator: Reading configuration of class de.gaalop.dot.Plugin
